<?xml version="1.0" encoding="utf-8"?><testsuites><testsuite name="pytest" errors="0" failures="0" skipped="0" tests="5" time="0.164" timestamp="2024-11-04T09:02:11.452048-05:00" hostname="Mac-mini"><testcase classname="tests.test_arrays" name="test_zip_object_deep[case0-expected0]" time="0.001" /><testcase classname="tests.test_arrays" name="test_zip_object_deep[case1-expected1]" time="0.000" /><testcase classname="tests.test_arrays" name="test_zip_object_deep[case2-expected2]" time="0.000" /><testcase classname="tests.test_arrays" name="test_zip_object_deep[case3-expected3]" time="0.000" /><testcase classname="tests.test_arrays" name="test_zip_object_deep[case4-expected4]" time="0.000" /></testsuite></testsuites>